<?xml version="1.0" encoding="UTF-8"?>
<!-- Generated by org.testng.reporters.JUnitXMLReporter -->
<testsuite ignored="0" hostname="DESKTOP-6DK9BR1" failures="2" tests="2" name="erroValidationsTests" time="6.205" errors="0" timestamp="2024-12-29T16:46:24 IST">
  <testcase classname="rahulShettyAcademy.SeleniumFrameworkDesign.LoginErrorValidation" name="validateLoginError" time="2.382">
    <failure type="java.lang.AssertionError" message="expected [Incorrect email or password.] but found []">
      <![CDATA[java.lang.AssertionError: expected [Incorrect email or password.] but found []
at rahulShettyAcademy.SeleniumFrameworkDesign.LoginErrorValidation.validateLoginError(LoginErrorValidation.java:46)
at java.base/java.util.ArrayList.forEach(ArrayList.java:1511)
... Removed 33 stack frames]]>
    </failure>
  </testcase> <!-- validateLoginError -->
  <testcase classname="rahulShettyAcademy.SeleniumFrameworkDesign.LoginErrorValidation" name="validateLoginError" time="3.147">
    <failure type="java.lang.AssertionError" message="expected [Incorrect email or password.] but found []">
      <![CDATA[java.lang.AssertionError: expected [Incorrect email or password.] but found []
at rahulShettyAcademy.SeleniumFrameworkDesign.LoginErrorValidation.validateLoginError(LoginErrorValidation.java:46)
at java.base/java.util.ArrayList.forEach(ArrayList.java:1511)
... Removed 33 stack frames]]>
    </failure>
  </testcase> <!-- validateLoginError -->
</testsuite> <!-- erroValidationsTests -->
