<?xml version="1.0" encoding="UTF-8"?>
<!-- Generated by org.testng.reporters.JUnitXMLReporter -->
<testsuite ignored="1" hostname="DESKTOP-6DK9BR1" failures="0" tests="2" name="SubmittingQuote" time="27.913" errors="0" timestamp="2024-12-08T17:41:05 IST">
  <testcase classname="rahulShettyAcademy.SeleniumFrameworkDesign.StandaloneTest2" name="submitOrder" time="13.786"/>
  <testcase classname="rahulShettyAcademy.SeleniumFrameworkDesign.StandaloneTest2" name="submitOrder" time="14.029"/>
  <testcase classname="rahulShettyAcademy.SeleniumFrameworkDesign.StandaloneTest2" name="validateOrderHistory" time="0.0">
    <ignored/>
  </testcase> <!-- validateOrderHistory -->
</testsuite> <!-- SubmittingQuote -->
